<?xml version="1.0" encoding="UTF-8"?>
<!-- Generated by org.testng.reporters.JUnitReportReporter -->
<testsuite hostname="LAPTOP-PMLN44G9" failures="0" tests="3" name="test_execution.Test_1" time="36.758" errors="0" timestamp="2022-07-19T00:05:38 IST" skipped="0">
  <testcase classname="test_execution.Test_1" name="Test_3" time="10.600"/>
  <system-out/>
  <testcase classname="test_execution.Test_1" name="Test_2" time="8.328"/>
  <system-out/>
  <testcase classname="test_execution.Test_1" name="Text_4" time="17.830"/>
  <system-out/>
</testsuite> <!-- test_execution.Test_1 -->
