<?xml version="1.0" encoding="UTF-8"?>
<!-- Generated by org.testng.reporters.JUnitReportReporter -->
<testsuite hostname="LAPTOP-PMLN44G9" failures="0" tests="1" name="Demo_test.Test_login" time="12.475" errors="0" timestamp="2022-07-22T17:11:49 IST" skipped="0">
  <testcase classname="Demo_test.Test_login" name="Test_1" time="12.475"/>
  <system-out/>
</testsuite> <!-- Demo_test.Test_login -->
