<?xml version="1.0" encoding="UTF-8"?>
<!-- Generated by org.testng.reporters.JUnitReportReporter -->
<testsuite hostname="LAPTOP-PMLN44G9" failures="0" tests="3" name="test_execution.Test_2" time="0.012" errors="0" timestamp="2022-07-18T09:59:48 IST" skipped="0">
  <testcase classname="test_execution.Test_2" name="Test3" time="0.004"/>
  <system-out/>
  <testcase classname="test_execution.Test_2" name="Test2" time="0.005"/>
  <system-out/>
  <testcase classname="test_execution.Test_2" name="Test1" time="0.003"/>
  <system-out/>
</testsuite> <!-- test_execution.Test_2 -->
