<?xml version="1.0" encoding="UTF-8"?>
<!-- Generated by org.testng.reporters.JUnitReportReporter -->
<testsuite hostname="LAPTOP-PMLN44G9" failures="0" tests="1" name="test_execution.Test_ReadData" time="8.610" errors="0" timestamp="2022-07-21T15:23:54 IST" skipped="0">
  <testcase classname="test_execution.Test_ReadData" name="test_1" time="8.610"/>
  <system-out/>
</testsuite> <!-- test_execution.Test_ReadData -->
