<?xml version="1.0" encoding="UTF-8"?>
<!-- Generated by org.testng.reporters.JUnitReportReporter -->
<testsuite hostname="LAPTOP-PMLN44G9" failures="0" tests="1" name="demo_testNG.test_loginpg" time="0.045" errors="0" timestamp="2022-07-28T16:20:48 IST" skipped="0">
  <testcase classname="demo_testNG.test_loginpg" name="Test_001" time="0.045"/>
  <system-out/>
</testsuite> <!-- demo_testNG.test_loginpg -->
