<?xml version="1.0" encoding="UTF-8"?>
<!-- Generated by org.testng.reporters.JUnitReportReporter -->
<testsuite hostname="LAPTOP-PMLN44G9" failures="0" tests="1" name="test_execution.ExcelDataReader" time="21.796" errors="0" timestamp="2022-07-21T15:21:48 IST" skipped="0">
  <testcase classname="test_execution.ExcelDataReader" name="test_read" time="21.796"/>
  <system-out/>
</testsuite> <!-- test_execution.ExcelDataReader -->
