<?xml version="1.0" encoding="UTF-8"?>
<!-- Generated by org.testng.reporters.JUnitReportReporter -->
<testsuite hostname="LAPTOP-PMLN44G9" failures="0" tests="2" name="test_execution.Test_Assertuse" time="0.015" errors="0" timestamp="2022-07-19T10:21:49 IST" skipped="0">
  <testcase classname="test_execution.Test_Assertuse" name="A1" time="0.014"/>
  <system-out/>
  <testcase classname="test_execution.Test_Assertuse" name="B1" time="0.001"/>
  <system-out/>
</testsuite> <!-- test_execution.Test_Assertuse -->
