<?xml version="1.0" encoding="UTF-8"?>
<!-- Generated by org.testng.reporters.JUnitReportReporter -->
<testsuite hostname="LAPTOP-PMLN44G9" failures="0" tests="1" name="test_execution.Test_4" time="0.012" errors="0" timestamp="2022-07-18T23:30:08 IST" skipped="0">
  <testcase classname="test_execution.Test_4" name="m1" time="0.012"/>
  <system-out/>
</testsuite> <!-- test_execution.Test_4 -->
