<?xml version="1.0" encoding="UTF-8"?>
<!-- Generated by org.testng.reporters.JUnitReportReporter -->
<testsuite hostname="LAPTOP-PMLN44G9" failures="0" tests="3" name="test_execution.demo_TestNG" time="64.370" errors="0" timestamp="2022-07-16T00:15:24 IST" skipped="0">
  <testcase classname="test_execution.demo_TestNG" name="test_2" time="28.049"/>
  <system-out/>
  <testcase classname="test_execution.demo_TestNG" name="test_3" time="19.227"/>
  <system-out/>
  <testcase classname="test_execution.demo_TestNG" name="test_1" time="17.094"/>
  <system-out/>
</testsuite> <!-- test_execution.demo_TestNG -->
