<?xml version="1.0" encoding="UTF-8"?>
<!-- Generated by org.testng.reporters.JUnitReportReporter -->
<testsuite hostname="LAPTOP-PMLN44G9" failures="0" tests="2" name="test_execution.Testcrossbrowser" time="83.040" errors="0" timestamp="2022-07-28T16:30:43 IST" skipped="0">
  <testcase classname="test_execution.Testcrossbrowser" name="m1" time="28.751"/>
  <system-out/>
  <testcase classname="test_execution.Testcrossbrowser" name="m1" time="54.289"/>
  <system-out/>
</testsuite> <!-- test_execution.Testcrossbrowser -->
